[35m[Appium][39m Welcome to Appium v1.18.3
[35m[Appium][39m Non-default server args:
[35m[Appium][39m   port: 50717
[35m[Appium][39m   loglevel: info
[35m[Appium][39m   tmpDir: C:\Users\User\AppData\Local\Temp\\Katalon\Appium\Temp1644043258501
[35m[Appium][39m   chromedriverPort: 50719
[35m[Appium][39m Deprecated server args:
[35m[Appium][39m   [31m--chromedriver-port[39m => --default-capabilities '{"chromedriverPort":50719}'
[35m[Appium][39m Default capabilities, which will be added to each request unless overridden by desired capabilities:
[35m[Appium][39m   chromedriverPort: 50719
[35m[Appium][39m Appium REST http interface listener started on 0.0.0.0:50717
[35m[HTTP][39m [37m-->[39m [37mGET[39m [37m/wd/hub/status[39m
[35m[HTTP][39m [90m{}[39m
[35m[HTTP][39m [37m<-- GET /wd/hub/status [39m[32m200[39m [90m4 ms - 68[39m
[35m[HTTP][39m [90m[39m
[35m[HTTP][39m [37m-->[39m [37mGET[39m [37m/wd/hub/status[39m
[35m[HTTP][39m [90m{}[39m
[35m[HTTP][39m [37m<-- GET /wd/hub/status [39m[32m200[39m [90m1 ms - 68[39m
[35m[HTTP][39m [90m[39m
[35m[HTTP][39m [37m-->[39m [37mPOST[39m [37m/wd/hub/session[39m
[35m[HTTP][39m [90m{"desiredCapabilities":{"app":"C:\\Users\\User\\Downloads\\IvyCpg_Bimbo_MobileApp_Android_142535_4542.apk","appPackage":"com.ivy.bimbomx.mexico.view.uat","noReset":true,"deviceId":"R9TR91024DN","deviceName":"samsung SM-T505 (Android 11)","fullReset":false,"platform":"ANDROID","appActivity":"com.ivy.sd.bimbomx.view.DummyLaunchActivity","newCommandTimeout":1800,"platformVersion":"11","automationName":"uiautomator2","autoGrantPermissions":true,"platformName":"Android","udid":"R9TR91024DN","systemPort":50724},"capabilities":{"firstMatch":[{"appium:app":"C:\\Users\\User\\Downloads\\IvyCpg_Bimbo_MobileApp_Android_142535_4542.apk","appium:appActivity":"com.ivy.sd.bimbomx.view.DummyLaunchActivity","appium:appPackage":"com.ivy.bimbomx.mexico.view.uat","appium:autoGrantPermissions":true,"appium:automationName":"uiautomator2","deviceId":"R9TR91024DN","appium:deviceName":"samsung SM-T505 (Android 11)","appium:fullReset":false,"appium:newCommandTimeout":1800,"appium:noReset":true,"platform":"ANDROID","platformName":"an...[39m
[35m[BaseDriver][39m The following capabilities are not standard capabilities and should have an extension prefix:
[35m[BaseDriver][39m   deviceId
[35m[BaseDriver][39m   platform
[35m[BaseDriver][39m   chromedriverPort
[35m[Appium][39m Appium v1.18.3 creating new AndroidUiautomator2Driver (v1.56.1) session
[35m[BaseDriver][39m The following capabilities were provided, but are not recognized by Appium:
[35m[BaseDriver][39m   deviceId
[35m[BaseDriver][39m   platform
[35m[BaseDriver][39m Session created with session id: aed3c134-40a8-4087-96ee-e914ecedcf94
[35m[BaseDriver][39m Using local app 'C:\Users\User\Downloads\IvyCpg_Bimbo_MobileApp_Android_142535_4542.apk'
[35m[ADB][39m Found 1 'build-tools' folders under 'C:\Users\User\.katalon\tools\android_sdk' (newest first):
[35m[ADB][39m     C:/Users/User/.katalon/tools/android_sdk/build-tools/29.0.3
[35m[ADB][39m Using 'adb.exe' from 'C:\Users\User\.katalon\tools\android_sdk\platform-tools\adb.exe'
[35m[AndroidDriver][39m Retrieving device list
[35m[AndroidDriver][39m Using device: R9TR91024DN
[35m[ADB][39m Using 'adb.exe' from 'C:\Users\User\.katalon\tools\android_sdk\platform-tools\adb.exe'
[35m[ADB][39m Getting device platform version
[35m[UiAutomator2][39m Relaxing hidden api policy
[35m[ADB][39m Using 'apksigner.jar' from 'C:\Users\User\.katalon\tools\android_sdk\build-tools\29.0.3\lib\apksigner.jar'
[35m[UiAutomator2][39m Server packages are not going to be (re)installed
[35m[UiAutomator2][39m Starting UIAutomator2 server 4.12.2
[35m[UiAutomator2][39m Using UIAutomator2 server from 'C:\Users\User\AppData\Roaming\npm\node_modules\appium\node_modules\appium-uiautomator2-server\apks\appium-uiautomator2-server-v4.12.2.apk' and test from 'C:\Users\User\AppData\Roaming\npm\node_modules\appium\node_modules\appium-uiautomator2-server\apks\appium-uiautomator2-server-debug-androidTest.apk'
[35m[UiAutomator2][39m Waiting up to 30000ms for UiAutomator2 to be online...
[35m[WD Proxy][39m socket hang up
[35m[WD Proxy][39m socket hang up
[35m[WD Proxy][39m socket hang up
[35m[WD Proxy][39m Determined the downstream protocol as 'W3C'
[35m[AndroidDriver][39m Screen already unlocked, doing nothing
[35m[UiAutomator2][39m Starting 'com.ivy.bimbomx.mexico.view.uat/com.ivy.sd.bimbomx.view.DummyLaunchActivity and waiting for 'com.ivy.bimbomx.mexico.view.uat/com.ivy.sd.bimbomx.view.DummyLaunchActivity'
[35m[Appium][39m New AndroidUiautomator2Driver session created successfully, session aed3c134-40a8-4087-96ee-e914ecedcf94 added to master session list
[35m[HTTP][39m [37m<-- POST /wd/hub/session [39m[32m200[39m [90m12137 ms - 1528[39m
[35m[HTTP][39m [90m[39m
[35m[HTTP][39m [37m-->[39m [37mGET[39m [37m/wd/hub/session/aed3c134-40a8-4087-96ee-e914ecedcf94[39m
[35m[HTTP][39m [90m{}[39m
[35m[HTTP][39m [37m<-- GET /wd/hub/session/aed3c134-40a8-4087-96ee-e914ecedcf94 [39m[32m200[39m [90m14 ms - 1482[39m
[35m[HTTP][39m [90m[39m
[35m[HTTP][39m [37m-->[39m [37mGET[39m [37m/wd/hub/session/aed3c134-40a8-4087-96ee-e914ecedcf94[39m
[35m[HTTP][39m [90m{}[39m
[35m[HTTP][39m [37m<-- GET /wd/hub/session/aed3c134-40a8-4087-96ee-e914ecedcf94 [39m[32m200[39m [90m24 ms - 1482[39m
[35m[HTTP][39m [90m[39m
[35m[HTTP][39m [37m-->[39m [37mGET[39m [37m/wd/hub/status[39m
[35m[HTTP][39m [90m{}[39m
[35m[HTTP][39m [37m<-- GET /wd/hub/status [39m[32m200[39m [90m1 ms - 68[39m
[35m[HTTP][39m [90m[39m
[35m[HTTP][39m [37m-->[39m [37mPOST[39m [37m/wd/hub/session/aed3c134-40a8-4087-96ee-e914ecedcf94/timeouts[39m
[35m[HTTP][39m [90m{"implicit":60000}[39m
[35m[HTTP][39m [37m<-- POST /wd/hub/session/aed3c134-40a8-4087-96ee-e914ecedcf94/timeouts [39m[32m200[39m [90m3 ms - 14[39m
[35m[HTTP][39m [90m[39m
[35m[HTTP][39m [37m-->[39m [37mGET[39m [37m/wd/hub/session/aed3c134-40a8-4087-96ee-e914ecedcf94/source[39m
[35m[HTTP][39m [90m{}[39m
[35m[W3C (aed3c134)][39m Driver proxy active, passing request on via HTTP proxy
[35m[WD Proxy][39m Replacing sessionId a2b55739-b35a-4253-99b9-54346a94490f with aed3c134-40a8-4087-96ee-e914ecedcf94
[35m[HTTP][39m [37m<-- GET /wd/hub/session/aed3c134-40a8-4087-96ee-e914ecedcf94/source [39m[32m200[39m [90m387 ms - 10191[39m
[35m[HTTP][39m [90m[39m
[35m[HTTP][39m [37m-->[39m [37mGET[39m [37m/wd/hub/session/aed3c134-40a8-4087-96ee-e914ecedcf94/screenshot[39m
[35m[HTTP][39m [90m{}[39m
[35m[HTTP][39m [37m<-- GET /wd/hub/session/aed3c134-40a8-4087-96ee-e914ecedcf94/screenshot [39m[32m200[39m [90m1228 ms - 1074340[39m
[35m[HTTP][39m [90m[39m
[35m[HTTP][39m [37m-->[39m [37mGET[39m [37m/wd/hub/session/aed3c134-40a8-4087-96ee-e914ecedcf94/source[39m
[35m[HTTP][39m [90m{}[39m
[35m[W3C (aed3c134)][39m Driver proxy active, passing request on via HTTP proxy
[35m[WD Proxy][39m Replacing sessionId a2b55739-b35a-4253-99b9-54346a94490f with aed3c134-40a8-4087-96ee-e914ecedcf94
[35m[HTTP][39m [37m<-- GET /wd/hub/session/aed3c134-40a8-4087-96ee-e914ecedcf94/source [39m[32m200[39m [90m494 ms - 67244[39m
[35m[HTTP][39m [90m[39m
[35m[HTTP][39m [37m-->[39m [37mGET[39m [37m/wd/hub/session/aed3c134-40a8-4087-96ee-e914ecedcf94/screenshot[39m
[35m[HTTP][39m [90m{}[39m
[35m[HTTP][39m [37m<-- GET /wd/hub/session/aed3c134-40a8-4087-96ee-e914ecedcf94/screenshot [39m[32m200[39m [90m644 ms - 176826[39m
[35m[HTTP][39m [90m[39m
[35m[HTTP][39m [37m-->[39m [37mGET[39m [37m/wd/hub/session/aed3c134-40a8-4087-96ee-e914ecedcf94/source[39m
[35m[HTTP][39m [90m{}[39m
[35m[W3C (aed3c134)][39m Driver proxy active, passing request on via HTTP proxy
[35m[WD Proxy][39m Replacing sessionId a2b55739-b35a-4253-99b9-54346a94490f with aed3c134-40a8-4087-96ee-e914ecedcf94
[35m[HTTP][39m [37m<-- GET /wd/hub/session/aed3c134-40a8-4087-96ee-e914ecedcf94/source [39m[32m200[39m [90m493 ms - 71699[39m
[35m[HTTP][39m [90m[39m
[35m[HTTP][39m [37m-->[39m [37mGET[39m [37m/wd/hub/session/aed3c134-40a8-4087-96ee-e914ecedcf94/screenshot[39m
[35m[HTTP][39m [90m{}[39m
[35m[HTTP][39m [37m<-- GET /wd/hub/session/aed3c134-40a8-4087-96ee-e914ecedcf94/screenshot [39m[32m200[39m [90m651 ms - 154112[39m
[35m[HTTP][39m [90m[39m
[35m[HTTP][39m [37m-->[39m [37mDELETE[39m [37m/wd/hub/session/aed3c134-40a8-4087-96ee-e914ecedcf94[39m
[35m[HTTP][39m [90m{}[39m
[35m[Appium][39m Removing session aed3c134-40a8-4087-96ee-e914ecedcf94 from our master session list
[35m[UiAutomator2][39m Restoring hidden api policy to the device default configuration
[35m[HTTP][39m [37m<-- DELETE /wd/hub/session/aed3c134-40a8-4087-96ee-e914ecedcf94 [39m[32m200[39m [90m593 ms - 14[39m
[35m[HTTP][39m [90m[39m
